<?xml version="1.0" encoding="UTF-8"?>
<testsuite xmlns:xsi="http://www.w3.org/2001/XMLSchema-instance" xsi:noNamespaceSchemaLocation="https://maven.apache.org/surefire/maven-surefire-plugin/xsd/surefire-test-report.xsd" version="3.0.2" name="com.esrayasar.e_commerce.project.ECommerceProjectApplicationTests" time="4.217" tests="1" errors="0" skipped="0" failures="0">
  <properties>
[...]
</properties>
  <testcase name="contextLoads" classname="com.esrayasar.e_commerce.project.ECommerceProjectApplicationTests" time="0.334">
    <system-out><![CDATA[16:08:40.663 [main] INFO org.springframework.test.context.support.AnnotationConfigContextLoaderUtils -- Could not detect default configuration classes for test class [com.esrayasar.e_commerce.project.ECommerceProjectApplicationTests]: ECommerceProjectApplicationTests does not declare any static, non-private, non-final, nested classes annotated with @Configuration.
16:08:40.755 [main] INFO org.springframework.boot.test.context.SpringBootTestContextBootstrapper -- Found @SpringBootConfiguration com.esrayasar.e_commerce.project.ECommerceProjectApplication for test class com.esrayasar.e_commerce.project.ECommerceProjectApplicationTests

  .   ____          _            __ _ _
 /\\ / ___'_ __ _ _(_)_ __  __ _ \ \ \ \
( ( )\___ | '_ | '_| | '_ \/ _` | \ \ \ \
 \\/  ___)| |_)| | | | | || (_| |  ) ) ) )
  '  |____| .__|_| |_|_| |_\__, | / / / /
 =========|_|==============|___/=/_/_/_/

 :: Spring Boot ::                (v3.5.4)

2025-08-05T16:08:41.155+03:00  INFO 17272 --- [e-commerce-project] [           main] c.e.e.p.ECommerceProjectApplicationTests : Starting ECommerceProjectApplicationTests using Java 17.0.12 with PID 17272 (started by esra in C:\Users\serac\OneDrive\Desktop\Enoca_project\e-commerce-project)
2025-08-05T16:08:41.156+03:00  INFO 17272 --- [e-commerce-project] [           main] c.e.e.p.ECommerceProjectApplicationTests : No active profile set, falling back to 1 default profile: "default"
2025-08-05T16:08:41.718+03:00  INFO 17272 --- [e-commerce-project] [           main] .s.d.r.c.RepositoryConfigurationDelegate : Bootstrapping Spring Data JPA repositories in DEFAULT mode.
2025-08-05T16:08:41.777+03:00  INFO 17272 --- [e-commerce-project] [           main] .s.d.r.c.RepositoryConfigurationDelegate : Finished Spring Data repository scanning in 47 ms. Found 1 JPA repository interface.
2025-08-05T16:08:42.230+03:00  INFO 17272 --- [e-commerce-project] [           main] o.hibernate.jpa.internal.util.LogHelper  : HHH000204: Processing PersistenceUnitInfo [name: default]
2025-08-05T16:08:42.287+03:00  INFO 17272 --- [e-commerce-project] [           main] org.hibernate.Version                    : HHH000412: Hibernate ORM core version 6.6.22.Final
2025-08-05T16:08:42.338+03:00  INFO 17272 --- [e-commerce-project] [           main] o.h.c.internal.RegionFactoryInitiator    : HHH000026: Second-level cache disabled
2025-08-05T16:08:42.609+03:00  INFO 17272 --- [e-commerce-project] [           main] o.s.o.j.p.SpringPersistenceUnitInfo      : No LoadTimeWeaver setup: ignoring JPA class transformer
2025-08-05T16:08:42.661+03:00  INFO 17272 --- [e-commerce-project] [           main] com.zaxxer.hikari.HikariDataSource       : HikariPool-1 - Starting...
2025-08-05T16:08:42.818+03:00  INFO 17272 --- [e-commerce-project] [           main] com.zaxxer.hikari.pool.HikariPool        : HikariPool-1 - Added connection conn0: url=jdbc:h2:mem:c1d29677-09f5-4112-973b-456f761ed6cb user=SA;
2025-08-05T16:08:42.819+03:00  INFO 17272 --- [e-commerce-project] [           main] com.zaxxer.hikari.HikariDataSource       : HikariPool-1 - Start completed.
2025-08-05T16:08:42.871+03:00  INFO 17272 --- [e-commerce-project] [           main] org.hibernate.orm.connections.pooling    : HHH10001005: Database info:
	Database JDBC URL [Connecting through datasource 'HikariDataSource (HikariPool-1)']
	Database driver: undefined/unknown
	Database version: 2.3.232
	Autocommit mode: undefined/unknown
	Isolation level: undefined/unknown
	Minimum pool size: undefined/unknown
	Maximum pool size: undefined/unknown
2025-08-05T16:08:43.441+03:00  INFO 17272 --- [e-commerce-project] [           main] o.h.e.t.j.p.i.JtaPlatformInitiator       : HHH000489: No JTA platform available (set 'hibernate.transaction.jta.platform' to enable JTA platform integration)
2025-08-05T16:08:43.481+03:00  INFO 17272 --- [e-commerce-project] [           main] j.LocalContainerEntityManagerFactoryBean : Initialized JPA EntityManagerFactory for persistence unit 'default'
2025-08-05T16:08:43.787+03:00  WARN 17272 --- [e-commerce-project] [           main] JpaBaseConfiguration$JpaWebConfiguration : spring.jpa.open-in-view is enabled by default. Therefore, database queries may be performed during view rendering. Explicitly configure spring.jpa.open-in-view to disable this warning
2025-08-05T16:08:44.302+03:00  INFO 17272 --- [e-commerce-project] [           main] o.s.b.a.h2.H2ConsoleAutoConfiguration    : H2 console available at '/h2-console'. Database available at 'jdbc:h2:mem:c1d29677-09f5-4112-973b-456f761ed6cb'
2025-08-05T16:08:44.397+03:00  INFO 17272 --- [e-commerce-project] [           main] c.e.e.p.ECommerceProjectApplicationTests : Started ECommerceProjectApplicationTests in 3.486 seconds (process running for 4.265)
]]></system-out>
  </testcase>
</testsuite>